greenhill version: 1.1.0
/g/data/xf3/zz3507/envs/greenhill/GreenHill/src/greenhill -t 24 -cph /g/data/xf3/zz3507/Output/assemblyQ720KOntHifiHiC/assemblyQ720KOntHifiHiCBiggerThan50KContig/hap1/assemblyQ720KOntHifiHiCBigger50Kcontig.hic.hap1_ctg.fasta /g/data/xf3/zz3507/Output/assemblyQ720KOntHifiHiC/assemblyQ720KOntHifiHiCBiggerThan50KContig/hap2/JuicerYan/references/assemblyQ720KOntHifiHiCBigger50Kcontig.hic.hap2_ctg.fasta -HIC /g/data/xf3/zz3507/RawData/ctrapeziformis_hic/trimmed_reads/40769_R1_001_val_1.fq.gz /g/data/xf3/zz3507/RawData/ctrapeziformis_hic/trimmed_reads/40769_R2_001_val_2.fq.gz -o /g/data/xf3/zz3507/Output/assemblyQ720KOntHifiHiC/assemblyQ720KOntHifiHiCBiggerThan50KContig/GreenHill48 

Executing minimap2 ...
cat  /g/data/xf3/zz3507/Output/assemblyQ720KOntHifiHiC/assemblyQ720KOntHifiHiCBiggerThan50KContig/hap1/assemblyQ720KOntHifiHiCBigger50Kcontig.hic.hap1_ctg.fasta /g/data/xf3/zz3507/Output/assemblyQ720KOntHifiHiC/assemblyQ720KOntHifiHiCBiggerThan50KContig/hap2/JuicerYan/references/assemblyQ720KOntHifiHiCBigger50Kcontig.hic.hap2_ctg.fasta | minimap2 -c  -t 24 -  -D --secondary=no /g/data/xf3/zz3507/Output/assemblyQ720KOntHifiHiC/assemblyQ720KOntHifiHiCBiggerThan50KContig/hap1/assemblyQ720KOntHifiHiCBigger50Kcontig.hic.hap1_ctg.fasta /g/data/xf3/zz3507/Output/assemblyQ720KOntHifiHiC/assemblyQ720KOntHifiHiCBiggerThan50KContig/hap2/JuicerYan/references/assemblyQ720KOntHifiHiCBigger50Kcontig.hic.hap2_ctg.fasta | sort -s -k 1,1 -T . >/g/data/xf3/zz3507/Output/assemblyQ720KOntHifiHiC/assemblyQ720KOntHifiHiCBiggerThan50KContig/GreenHill48_selfAlignment.tsv


[M::mm_idx_gen::42.054*2.04] collected minimizers
[M::mm_idx_gen::44.440*3.13] sorted minimizers
[M::main::44.440*3.13] loaded/built the index for 544 target sequence(s)
[M::mm_mapopt_update::45.035*3.10] mid_occ = 7061
[M::mm_idx_stat] kmer size: 15; skip: 10; is_hpc: 0; #seq: 544
[M::mm_idx_stat::45.371*3.08] distinct minimizers: 47884003 (19.63% are singletons); average occurrences: 14.881; average spacing: 5.275
minimap2 finished.
mincing bubble scaffolds ...
initConsensusNode
finish initConsensuNode
delete repeat consensusnode
TOTAL_NUM_DELETE: 0
writing scaffold and bubble files...
finish mince
K=32, making hash table...
CONTIG_AVERAGE_COVERAGE = 80
[HIC LIBRARY]
mapping HiC reads...
Each dot below indicates 10M reads processed.
.............................................
TOTAL_PAIR = 457462686
MAPPED_PAIR = 60198950 (0.131593)
AVERAGE_COVERAGE = 4.76788
saving overlaps... (LEN_CUTOFF=100)
destructing mapper objects...
linking scaffolds...
constructing paired de Bruijn graph
pairing bubble nodes...
linking scaffolds...
constructing paired de Bruijn graph
pairing bubble nodes...

joining unambiguous pair of nodes in a de Bruijn graph..
linking scaffolds...
constructing paired de Bruijn graph
pairing bubble nodes...
pairing bubble nodes...
NUM_JOINED = 0
TOTAL_NUM_NODES_IN_JOINED_PAIRS =0

linking scaffolds...
constructing paired de Bruijn graph
pairing bubble nodes...
pairing bubble nodes...
removing secondary bubbles from scaffold graph...
TOTAL_NUM_DELETED_NODES =0
scaffolding...

joining unambiguous pair of nodes in a de Bruijn graph..
linking scaffolds...
constructing paired de Bruijn graph
pairing bubble nodes...
pairing bubble nodes...
NUM_JOINED = 0
TOTAL_NUM_NODES_IN_JOINED_PAIRS =0

linking scaffolds...
constructing paired de Bruijn graph
pairing bubble nodes...
pairing bubble nodes...
mergeHeteroNode
constructing consensus graph
constructing paired de Bruijn graph using all libraries simultaneously
removing thin edges (NUM_LINK < 1) ...
TOTAL_NUM_DELETE=0
pairing bubble nodes...
removing edges from short nodes (LENGTH < 0) ...
TOTAL_NUM_DELETE=0
removing thin consensus edges (NUM_LINK < 1) & consensu edges from short consensus node (LENGTH < 0) ...
TOTAL_NUM_DELETE=0
dividing erroneous consensusnode...
NUM_DIVIDED_CONSENSUSNODE = 0
constructing consensus graph
constructing paired de Bruijn graph using all libraries simultaneously
removing thin edges (NUM_LINK < 1) ...
TOTAL_NUM_DELETE=0
pairing bubble nodes...
removing edges from short nodes (LENGTH < 0) ...
TOTAL_NUM_DELETE=0
removing thin consensus edges (NUM_LINK < 1) & consensu edges from short consensus node (LENGTH < 0) ...
TOTAL_NUM_DELETE=0
makeHiCLink
finish makeHiCLink
numHiCNode:544
